<?xml version="1.0" encoding="UTF-8"?>
<testng-results skipped="0" failed="0" total="1" passed="1">
  <reporter-output>
  </reporter-output>
  <suite name="Suite" duration-ms="59761" started-at="2023-02-08T11:43:21Z" finished-at="2023-02-08T11:44:21Z">
    <groups>
    </groups>
    <test name="Test" duration-ms="59761" started-at="2023-02-08T11:43:21Z" finished-at="2023-02-08T11:44:21Z">
      <class name="SeleniumPrepare.DropDownSelection">
        <test-method status="PASS" signature="before()[pri:0, instance:SeleniumPrepare.DropDownSelection@103f852]" name="before" is-config="true" duration-ms="47262" started-at="2023-02-08T17:13:21Z" finished-at="2023-02-08T17:14:08Z">
          <reporter-output>
          </reporter-output>
        </test-method> <!-- before -->
        <test-method status="PASS" signature="drop()[pri:0, instance:SeleniumPrepare.DropDownSelection@103f852]" name="drop" duration-ms="10048" started-at="2023-02-08T17:14:08Z" finished-at="2023-02-08T17:14:19Z">
          <reporter-output>
          </reporter-output>
        </test-method> <!-- drop -->
        <test-method status="PASS" signature="after()[pri:0, instance:SeleniumPrepare.DropDownSelection@103f852]" name="after" is-config="true" duration-ms="2395" started-at="2023-02-08T17:14:19Z" finished-at="2023-02-08T17:14:21Z">
          <reporter-output>
          </reporter-output>
        </test-method> <!-- after -->
      </class> <!-- SeleniumPrepare.DropDownSelection -->
    </test> <!-- Test -->
  </suite> <!-- Suite -->
</testng-results>
